<?xml version="1.0" encoding="UTF-8"?>
<testng-results ignored="0" total="1" passed="1" failed="0" skipped="0">
  <reporter-output>
  </reporter-output>
  <suite started-at="2022-06-28T12:45:54Z" name="Suite" finished-at="2022-06-28T12:45:54Z" duration-ms="28">
    <groups>
    </groups>
    <test started-at="2022-06-28T12:45:54Z" name="Test" finished-at="2022-06-28T12:45:54Z" duration-ms="28">
      <class name="ProperySetup.PropertyReadingWay">
        <test-method signature="Test1()[pri:0, instance:ProperySetup.PropertyReadingWay@31add175]" started-at="2022-06-28T12:45:54Z" name="Test1" finished-at="2022-06-28T12:45:54Z" duration-ms="7" status="PASS">
          <reporter-output>
          </reporter-output>
        </test-method> <!-- Test1 -->
      </class> <!-- ProperySetup.PropertyReadingWay -->
    </test> <!-- Test -->
  </suite> <!-- Suite -->
</testng-results>
