<?xml version="1.0" encoding="UTF-8"?>
<testng-results ignored="0" total="1" passed="1" failed="0" skipped="0">
  <reporter-output>
  </reporter-output>
  <suite started-at="2022-06-28T10:09:53Z" name="Default suite" finished-at="2022-06-28T10:09:53Z" duration-ms="32">
    <groups>
    </groups>
    <test started-at="2022-06-28T10:09:53Z" name="Default test" finished-at="2022-06-28T10:09:53Z" duration-ms="32">
      <class name="Docker.ParallelExecution.IETest1">
        <test-method signature="Test1()[pri:0, instance:Docker.ParallelExecution.IETest1@12d2ce03]" started-at="2022-06-28T10:09:53Z" name="Test1" finished-at="2022-06-28T10:09:53Z" duration-ms="13" status="PASS">
          <reporter-output>
          </reporter-output>
        </test-method> <!-- Test1 -->
      </class> <!-- Docker.ParallelExecution.IETest1 -->
    </test> <!-- Default test -->
  </suite> <!-- Default suite -->
</testng-results>
